<?xml version="1.0" encoding="UTF-8"?>
<!-- Generated by org.testng.reporters.JUnitReportReporter -->
<testsuite hostname="WINDOWS-7NC6KD9" failures="0" tests="1" name="com.demoqa.tests.LoginTests" time="9.275" errors="0" timestamp="2024-12-09T14:33:42 MEZ" skipped="0">
  <testcase classname="com.demoqa.tests.LoginTests" name="loginPositiveTest" time="9.275"/>
</testsuite> <!-- com.demoqa.tests.LoginTests -->
